<?xml version="1.0" encoding="UTF-8" ?>
<testsuite failures="0" time="1.979" errors="0" skipped="0" tests="4" name="TestSuite">
  <properties>
[...]
</properties>
  <testcase time="1.647" classname="com.jasmeet.metrics.test.MetricsTest" name="testGetMetrics"/>
  <testcase time="0.011" classname="com.jasmeet.metrics.test.MetricsTest" name="testGetStatus"/>
  <testcase time="0.02" classname="com.jasmeet.metrics.test.MetricsTest" name="testGetVMMetrics"/>
  <testcase time="0.051" classname="com.jasmeet.metrics.test.MetricsTest" name="testStoreMetrics"/>
</testsuite>