<?xml version="1.0" encoding="UTF-8"?>
<testng-results skipped="0" failed="0" total="4" passed="4">
  <reporter-output>
  </reporter-output>
  <suite name="Command line suite" duration-ms="1746" started-at="2013-09-09T20:36:05Z" finished-at="2013-09-09T20:36:07Z">
    <groups>
    </groups>
    <test name="Command line test" duration-ms="1746" started-at="2013-09-09T20:36:05Z" finished-at="2013-09-09T20:36:07Z">
      <class name="com.jasmeet.metrics.test.MetricsTest">
        <test-method status="PASS" signature="beforeClass()" name="beforeClass" is-config="true" duration-ms="7" started-at="2013-09-09T20:36:05Z" finished-at="2013-09-09T20:36:05Z">
        </test-method>
        <test-method status="PASS" signature="beforeMethod()" name="beforeMethod" is-config="true" duration-ms="1" started-at="2013-09-09T20:36:05Z" finished-at="2013-09-09T20:36:05Z">
        </test-method>
        <test-method status="PASS" signature="testGetMetrics()" name="testGetMetrics" duration-ms="1647" started-at="2013-09-09T20:36:05Z" finished-at="2013-09-09T20:36:07Z">
        </test-method>
        <test-method status="PASS" signature="beforeMethod()" name="beforeMethod" is-config="true" duration-ms="0" started-at="2013-09-09T20:36:07Z" finished-at="2013-09-09T20:36:07Z">
        </test-method>
        <test-method status="PASS" signature="testGetStatus()" name="testGetStatus" duration-ms="11" started-at="2013-09-09T20:36:07Z" finished-at="2013-09-09T20:36:07Z">
        </test-method>
        <test-method status="PASS" signature="testGetVMMetrics()" name="testGetVMMetrics" duration-ms="20" started-at="2013-09-09T20:36:07Z" finished-at="2013-09-09T20:36:07Z">
        </test-method>
        <test-method status="PASS" signature="beforeMethod()" name="beforeMethod" is-config="true" duration-ms="0" started-at="2013-09-09T20:36:07Z" finished-at="2013-09-09T20:36:07Z">
        </test-method>
        <test-method status="PASS" signature="beforeMethod()" name="beforeMethod" is-config="true" duration-ms="0" started-at="2013-09-09T20:36:07Z" finished-at="2013-09-09T20:36:07Z">
        </test-method>
        <test-method status="PASS" signature="testStoreMetrics()" name="testStoreMetrics" duration-ms="51" started-at="2013-09-09T20:36:07Z" finished-at="2013-09-09T20:36:07Z">
        </test-method>
        <test-method status="PASS" signature="afterClass()" name="afterClass" is-config="true" duration-ms="0" started-at="2013-09-09T20:36:07Z" finished-at="2013-09-09T20:36:07Z">
        </test-method>
      </class>
    </test>
  </suite>
</testng-results>
